<?xml version="1.0" encoding="UTF-8"?>
<testsuite name="FizzBuzzTest" tests="1" skipped="0" failures="0" errors="0" timestamp="2019-02-16T19:24:49" hostname="DESKTOP-ATMEA24" time="0.01">
  <properties/>
  <testcase name="whenFizzBuzzIsPassedANumberItReturnsThatNumber" classname="FizzBuzzTest" time="0.01"/>
  <system-out><![CDATA[]]></system-out>
  <system-err><![CDATA[]]></system-err>
</testsuite>
