<?xml version="1.0" encoding="UTF-8"?>
<testsuite name="FizzBuzzTest" tests="3" skipped="0" failures="0" errors="0" timestamp="2019-02-16T19:40:05" hostname="DESKTOP-ATMEA24" time="0.007">
  <properties/>
  <testcase name="whenFizzBuzzIsPassedANumberItReturnsThatNumber" classname="FizzBuzzTest" time="0.006"/>
  <testcase name="whenFizzBuzzIsPassedATwoItReturnsATwo" classname="FizzBuzzTest" time="0.0"/>
  <testcase name="whenFizzBuzzIsPassedAMultipleOfThreeItReturnsFizz" classname="FizzBuzzTest" time="0.0"/>
  <system-out><![CDATA[]]></system-out>
  <system-err><![CDATA[]]></system-err>
</testsuite>
